4/27/10

Out[3]: (u'Elizabeth Perley', u'988735160', 708186L, 3)
Out[3]: (u'Leigh Casadaban', u'965035537', 1140420031L, 1)
Out[3]: (u'Michael Snively', u'955327489', 836363749L, 3)
Out[3]: (u'Carin King', u'924563640', 1221870064L, 3)
Out[3]: (u'John McDonald', u'900048817', 1647099232L, 3)
Out[3]: (u'Chih-yu Chao', u'924686169', 711393L, 1)
Out[3]: (u'Yafim Landa', u'965682672', 1344120063L, 1)
Out[3]: (u'Jessica Perez', u'961893803', 713493L, 3)
Out[3]: (u'Bob Chen', u'954496735', 508595746L, 3)
Out[3]: (u'Michael Plasmeier', u'921645261', 1464390298L, 3)
Out[3]: (u'Yan Ji', u'922905600', 1062345883L, 1)
Out[3]: (u'Marie-Jose Montpetit', u'929608529', 828565542L, 1)
Out[3]: (u'Jon Dreher', u'928985016', 505538846L, 3)
Out[3]: (u'Pokgeri Lormak', u'980988038', 100000051811678L, 3)
Out[3]: (u'Jong-Moon Kim', u'969054593', 707317L, 3)
Out[3]: (u'Calvin French-Owen', u'923295033', 1208944138L, 3)
Out[3]: (u'Kuan Cheng', u'920500809', 517379465L, 3)
Out[3]: (u'Ilya Volodarsky', u'922431476', 1465920209L, 3)
Out[3]: (u'Erik Ubertsai Tamayo', u'927541208', 1463057113L, 3)
Out[3]: (u'Samuel Richard Millington', u'922849181', 810087368L, 3)
Out[3]: (u'Alex Jiang', u'994191783', 1241640627L, 3)
Out[3]: (u'Dawei Shen', u'926882488', 714628L, 3)
Out[3]: (u'Julia Zimmerman', u'968326566', 707069L, 3)
Out[3]: (u'Emily Seitz', u'929859635', 748263713L, 3)
Out[3]: (u'Jane Wang', u'980860281', 1259721442L, 3)
Out[3]: (u'Emilio Frazzoli', u'967995071', 707307572L, 1)
Out[3]: (u'David Koh', u'995836007', 1234230317L, 3)
Out[3]: (u'Jeremiah Noordhoek', u'978804255', 1025700114L, 3)
Out[3]: (u'Akimitsu Hogge', u'922305798', 100000222160068L, 3)
Out[3]: (u'Francis Plaza', u'921116216', 1048612677L, 3)
Out[3]: (u'Shuang Shawn Swan Chen', u'922947758', 524823364L, 3)
Out[3]: (u'Sarah Wilder', u'981037136', 712302L, 3)
Out[3]: (u'Anne Michelle T Juan', u'927853195', 1428165110L, 3)
Out[3]: (u'Netia McCray', u'920009542', 773379516L, 3)
Out[3]: (u'\u738b\u59dd\u6657 Shuhan', u'926774744', 585502264L, 3)
Out[3]: (u'Daniel Sngiem', u'922040445', 1043850116L, 3)
Out[3]: (u'Chris Mills', u'926708390', 1537920124L, 3)
Out[3]: (u'Linlin Olivia Huang', u'923187543', 572826248L, 3)
Out[3]: (u'Andrew Liu', u'922921363', 1308360959L, 3)
Out[3]: (u'Pooja Shah', u'922346726', 1360332650L, 3)
Out[3]: (u'Matt McGann', u'979643382', 703310L, 3)
Out[3]: (u'Jeffrey Lin', u'928995951', 1478220242L, 3)
Out[3]: (u'Marcela Rodriguez', u'923156559', 1006405138L, 3)
Out[3]: (u'Dorothy Brown', u'998282275', 712956L, 3)
Out[3]: (u'Celine Arne', u'920665761', 735717064L, 3)
Out[3]: (u'Richard West', u'980775473', 36907262L, 3)
Out[3]: (u'Rishi Dixit', u'928110380', 563836213L, 3)
Out[3]: (u'Shoshana Vasserman', u'923536153', 1381350446L, 3)
Out[3]: (u'Danny Yuan', u'928540159', 1368751152L, 3)
Out[3]: (u"Matt 'Rocketman' Udomphol", u'953547692', 1547760042L, 3)
Out[3]: (u'Neha Narula', u'920781918', 503479L, 3)
Out[3]: (u'Sara Itani', u'922931662', 510160750L, 3)
Out[3]: (u'Brian Djaja', u'926600635', 1018530081L, 3)
Out[3]: (u'Christian Valledor', u'923790876', 666573691L, 3)
Out[3]: (u'Adam Leonard', u'921042553', 565125043L, 3)
Out[3]: (u'Davey Hunt', u'925437311', 1361852127L, 3)
Out[3]: (u'Victoria Hammett', u'926102302', 1277220528L, 3)
Out[3]: (u'Joyce Wang', u'925441507', 1302826135L, 3)
Out[3]: (u'Nifer Fasman', u'925499689', 1365480504L, 3)
Out[3]: (u'Stephanie Bian', u'925322619', 1135710169L, 3)
Out[3]: (u'Jonathan Gootenberg', u'927349013', 508039301L, 3)
Out[3]: (u'Lynn Li', u'926348020', 2601960L, 3)
Out[3]: (u'Megan Kercher', u'955256063', 1232820066L, 3)
Out[3]: (u'Noel Morales', u'927237754', 1606230820L, 3)
Out[3]: (u'Arya Tafvizi', u'968809427', 712220L, 3)
Out[3]: (u'Wen Naijun', u'924309427', 593465104L, 1)
Out[3]: (u'Mars Von Vector', u'929956121', 710866L, 1)
Out[3]: (u'Dom Solis', u'922569644', 774894129L, 1)
Out[3]: (u'Jesus Zuniga', u'928735255', 657618711L, 1)
Out[3]: (u'John Truesdell', u'920523268', 1262742920L, 1)
Out[3]: (u'Nikolaos Trichakis', u'925855451', 217003L, 3)
Out[3]: (u'Tanmay Kumar', u'927017216', 1076807670L, 1)
Out[3]: (u'Ta Virot Chiraphadhanakul', u'926603962', 736738277L, 3)
Out[3]: (u'Yod Phumpong Watanaprakornkul', u'980988037', 1087500981L, 3)
Out[3]: (u'George Tucker', u'970287971', 13308374L, 1)
Out[3]: (u'Kwan Hong Lee', u'926634034', 706848L, 2)

